ARM GAS  C:\Users\seeho\AppData\Local\Temp\ccPXxIYN.s 			page 1


   1              		.syntax unified
   2              		.cpu cortex-m4
   3              		.eabi_attribute 27, 1
   4              		.fpu fpv4-sp-d16
   5              		.eabi_attribute 20, 1
   6              		.eabi_attribute 21, 1
   7              		.eabi_attribute 23, 3
   8              		.eabi_attribute 24, 1
   9              		.eabi_attribute 25, 1
  10              		.eabi_attribute 26, 1
  11              		.eabi_attribute 30, 1
  12              		.eabi_attribute 34, 1
  13              		.eabi_attribute 18, 4
  14              		.thumb
  15              		.syntax unified
  16              		.file	"BLE_pass_config.c"
  17              		.text
  18              	.Ltext0:
  19              		.cfi_sections	.debug_frame
  20              		.global	cy_ble_passConfig
  21              		.section	.rodata
  22              		.align	2
  23              		.type	cy_ble_passs, %object
  24              		.size	cy_ble_passs, 14
  25              	cy_ble_passs:
  26 0000 2500     		.short	37
  27 0002 2A00     		.short	42
  28 0004 2B00     		.short	43
  29 0006 2D00     		.short	45
  30 0008 2E00     		.short	46
  31 000a 3000     		.short	48
  32 000c 0000     		.short	0
  33              		.data
  34              		.align	2
  35              		.type	cy_ble_passConfig, %object
  36              		.size	cy_ble_passConfig, 8
  37              	cy_ble_passConfig:
  38 0000 00000000 		.word	cy_ble_passs
  39 0004 00000000 		.word	0
  40              		.text
  41              	.Letext0:
  42              		.file 1 "c:\\program files (x86)\\cypress\\psoc creator\\4.2\\psoc creator\\import\\gnu\\arm\\5.4.
  43              		.file 2 "c:\\program files (x86)\\cypress\\psoc creator\\4.2\\psoc creator\\import\\gnu\\arm\\5.4.
  44              		.file 3 "Generated_Source\\PSoC6\\pdl\\drivers/peripheral/device/cy_device.h"
  45              		.file 4 "Generated_Source\\PSoC6\\pdl\\middleware/ble/cy_ble_stack_host_main.h"
  46              		.file 5 "Generated_Source\\PSoC6\\pdl\\middleware/ble/cy_ble_stack_gatt.h"
  47              		.file 6 "Generated_Source\\PSoC6\\pdl\\middleware/ble/cy_ble_gap.h"
  48              		.file 7 "Generated_Source\\PSoC6\\pdl\\middleware/ble/cy_ble.h"
  49              		.file 8 "Generated_Source\\PSoC6\\pdl\\middleware/ble/cy_ble_pass.h"
  50              		.file 9 "Generated_Source\\PSoC6\\pdl\\cmsis/include/core_cm4.h"
  51              		.file 10 "Generated_Source\\PSoC6\\BLE_pass_config.c"
  52              		.section	.debug_info,"",%progbits
  53              	.Ldebug_info0:
  54 0000 71070000 		.4byte	0x771
  55 0004 0400     		.2byte	0x4
  56 0006 00000000 		.4byte	.Ldebug_abbrev0
  57 000a 04       		.byte	0x4
ARM GAS  C:\Users\seeho\AppData\Local\Temp\ccPXxIYN.s 			page 2


  58 000b 01       		.uleb128 0x1
  59 000c 76060000 		.4byte	.LASF153
  60 0010 0C       		.byte	0xc
  61 0011 470A0000 		.4byte	.LASF154
  62 0015 AA040000 		.4byte	.LASF155
  63 0019 00000000 		.4byte	.Ldebug_line0
  64 001d 02       		.uleb128 0x2
  65 001e 04       		.byte	0x4
  66 001f 05       		.byte	0x5
  67 0020 696E7400 		.ascii	"int\000"
  68 0024 03       		.uleb128 0x3
  69 0025 04       		.byte	0x4
  70 0026 07       		.byte	0x7
  71 0027 A8030000 		.4byte	.LASF0
  72 002b 03       		.uleb128 0x3
  73 002c 08       		.byte	0x8
  74 002d 05       		.byte	0x5
  75 002e 48010000 		.4byte	.LASF1
  76 0032 03       		.uleb128 0x3
  77 0033 08       		.byte	0x8
  78 0034 04       		.byte	0x4
  79 0035 9B080000 		.4byte	.LASF2
  80 0039 03       		.uleb128 0x3
  81 003a 01       		.byte	0x1
  82 003b 06       		.byte	0x6
  83 003c 56010000 		.4byte	.LASF3
  84 0040 04       		.uleb128 0x4
  85 0041 7D000000 		.4byte	.LASF5
  86 0045 01       		.byte	0x1
  87 0046 1D       		.byte	0x1d
  88 0047 4B000000 		.4byte	0x4b
  89 004b 03       		.uleb128 0x3
  90 004c 01       		.byte	0x1
  91 004d 08       		.byte	0x8
  92 004e F9070000 		.4byte	.LASF4
  93 0052 04       		.uleb128 0x4
  94 0053 19030000 		.4byte	.LASF6
  95 0057 01       		.byte	0x1
  96 0058 29       		.byte	0x29
  97 0059 5D000000 		.4byte	0x5d
  98 005d 03       		.uleb128 0x3
  99 005e 02       		.byte	0x2
 100 005f 05       		.byte	0x5
 101 0060 0B050000 		.4byte	.LASF7
 102 0064 04       		.uleb128 0x4
 103 0065 C6080000 		.4byte	.LASF8
 104 0069 01       		.byte	0x1
 105 006a 2B       		.byte	0x2b
 106 006b 6F000000 		.4byte	0x6f
 107 006f 03       		.uleb128 0x3
 108 0070 02       		.byte	0x2
 109 0071 07       		.byte	0x7
 110 0072 6D090000 		.4byte	.LASF9
 111 0076 04       		.uleb128 0x4
 112 0077 23090000 		.4byte	.LASF10
 113 007b 01       		.byte	0x1
 114 007c 3F       		.byte	0x3f
ARM GAS  C:\Users\seeho\AppData\Local\Temp\ccPXxIYN.s 			page 3


 115 007d 81000000 		.4byte	0x81
 116 0081 03       		.uleb128 0x3
 117 0082 04       		.byte	0x4
 118 0083 05       		.byte	0x5
 119 0084 CA010000 		.4byte	.LASF11
 120 0088 04       		.uleb128 0x4
 121 0089 E6020000 		.4byte	.LASF12
 122 008d 01       		.byte	0x1
 123 008e 41       		.byte	0x41
 124 008f 93000000 		.4byte	0x93
 125 0093 03       		.uleb128 0x3
 126 0094 04       		.byte	0x4
 127 0095 07       		.byte	0x7
 128 0096 17040000 		.4byte	.LASF13
 129 009a 03       		.uleb128 0x3
 130 009b 08       		.byte	0x8
 131 009c 07       		.byte	0x7
 132 009d 32030000 		.4byte	.LASF14
 133 00a1 03       		.uleb128 0x3
 134 00a2 04       		.byte	0x4
 135 00a3 07       		.byte	0x7
 136 00a4 B4050000 		.4byte	.LASF15
 137 00a8 05       		.uleb128 0x5
 138 00a9 04       		.byte	0x4
 139 00aa 03       		.uleb128 0x3
 140 00ab 01       		.byte	0x1
 141 00ac 08       		.byte	0x8
 142 00ad A7080000 		.4byte	.LASF16
 143 00b1 04       		.uleb128 0x4
 144 00b2 3F0A0000 		.4byte	.LASF17
 145 00b6 02       		.byte	0x2
 146 00b7 18       		.byte	0x18
 147 00b8 40000000 		.4byte	0x40
 148 00bc 04       		.uleb128 0x4
 149 00bd 40010000 		.4byte	.LASF18
 150 00c1 02       		.byte	0x2
 151 00c2 20       		.byte	0x20
 152 00c3 52000000 		.4byte	0x52
 153 00c7 04       		.uleb128 0x4
 154 00c8 FC030000 		.4byte	.LASF19
 155 00cc 02       		.byte	0x2
 156 00cd 24       		.byte	0x24
 157 00ce 64000000 		.4byte	0x64
 158 00d2 04       		.uleb128 0x4
 159 00d3 F1070000 		.4byte	.LASF20
 160 00d7 02       		.byte	0x2
 161 00d8 2C       		.byte	0x2c
 162 00d9 76000000 		.4byte	0x76
 163 00dd 04       		.uleb128 0x4
 164 00de 92080000 		.4byte	.LASF21
 165 00e2 02       		.byte	0x2
 166 00e3 30       		.byte	0x30
 167 00e4 88000000 		.4byte	0x88
 168 00e8 06       		.uleb128 0x6
 169 00e9 B8       		.byte	0xb8
 170 00ea 03       		.byte	0x3
 171 00eb 34       		.byte	0x34
ARM GAS  C:\Users\seeho\AppData\Local\Temp\ccPXxIYN.s 			page 4


 172 00ec F9040000 		.4byte	0x4f9
 173 00f0 07       		.uleb128 0x7
 174 00f1 B5000000 		.4byte	.LASF22
 175 00f5 03       		.byte	0x3
 176 00f6 37       		.byte	0x37
 177 00f7 DD000000 		.4byte	0xdd
 178 00fb 00       		.byte	0
 179 00fc 07       		.uleb128 0x7
 180 00fd 57080000 		.4byte	.LASF23
 181 0101 03       		.byte	0x3
 182 0102 38       		.byte	0x38
 183 0103 DD000000 		.4byte	0xdd
 184 0107 04       		.byte	0x4
 185 0108 07       		.uleb128 0x7
 186 0109 34020000 		.4byte	.LASF24
 187 010d 03       		.byte	0x3
 188 010e 39       		.byte	0x39
 189 010f DD000000 		.4byte	0xdd
 190 0113 08       		.byte	0x8
 191 0114 07       		.uleb128 0x7
 192 0115 AC070000 		.4byte	.LASF25
 193 0119 03       		.byte	0x3
 194 011a 3A       		.byte	0x3a
 195 011b DD000000 		.4byte	0xdd
 196 011f 0C       		.byte	0xc
 197 0120 07       		.uleb128 0x7
 198 0121 77010000 		.4byte	.LASF26
 199 0125 03       		.byte	0x3
 200 0126 3B       		.byte	0x3b
 201 0127 DD000000 		.4byte	0xdd
 202 012b 10       		.byte	0x10
 203 012c 07       		.uleb128 0x7
 204 012d C0010000 		.4byte	.LASF27
 205 0131 03       		.byte	0x3
 206 0132 3C       		.byte	0x3c
 207 0133 DD000000 		.4byte	0xdd
 208 0137 14       		.byte	0x14
 209 0138 07       		.uleb128 0x7
 210 0139 3D040000 		.4byte	.LASF28
 211 013d 03       		.byte	0x3
 212 013e 3D       		.byte	0x3d
 213 013f DD000000 		.4byte	0xdd
 214 0143 18       		.byte	0x18
 215 0144 07       		.uleb128 0x7
 216 0145 66000000 		.4byte	.LASF29
 217 0149 03       		.byte	0x3
 218 014a 3E       		.byte	0x3e
 219 014b DD000000 		.4byte	0xdd
 220 014f 1C       		.byte	0x1c
 221 0150 07       		.uleb128 0x7
 222 0151 D20A0000 		.4byte	.LASF30
 223 0155 03       		.byte	0x3
 224 0156 3F       		.byte	0x3f
 225 0157 DD000000 		.4byte	0xdd
 226 015b 20       		.byte	0x20
 227 015c 07       		.uleb128 0x7
 228 015d 5E060000 		.4byte	.LASF31
ARM GAS  C:\Users\seeho\AppData\Local\Temp\ccPXxIYN.s 			page 5


 229 0161 03       		.byte	0x3
 230 0162 40       		.byte	0x40
 231 0163 DD000000 		.4byte	0xdd
 232 0167 24       		.byte	0x24
 233 0168 07       		.uleb128 0x7
 234 0169 69050000 		.4byte	.LASF32
 235 016d 03       		.byte	0x3
 236 016e 43       		.byte	0x43
 237 016f B1000000 		.4byte	0xb1
 238 0173 28       		.byte	0x28
 239 0174 07       		.uleb128 0x7
 240 0175 C2020000 		.4byte	.LASF33
 241 0179 03       		.byte	0x3
 242 017a 44       		.byte	0x44
 243 017b B1000000 		.4byte	0xb1
 244 017f 29       		.byte	0x29
 245 0180 07       		.uleb128 0x7
 246 0181 C80A0000 		.4byte	.LASF34
 247 0185 03       		.byte	0x3
 248 0186 45       		.byte	0x45
 249 0187 B1000000 		.4byte	0xb1
 250 018b 2A       		.byte	0x2a
 251 018c 07       		.uleb128 0x7
 252 018d 50060000 		.4byte	.LASF35
 253 0191 03       		.byte	0x3
 254 0192 46       		.byte	0x46
 255 0193 B1000000 		.4byte	0xb1
 256 0197 2B       		.byte	0x2b
 257 0198 07       		.uleb128 0x7
 258 0199 9E040000 		.4byte	.LASF36
 259 019d 03       		.byte	0x3
 260 019e 47       		.byte	0x47
 261 019f B1000000 		.4byte	0xb1
 262 01a3 2C       		.byte	0x2c
 263 01a4 07       		.uleb128 0x7
 264 01a5 3D090000 		.4byte	.LASF37
 265 01a9 03       		.byte	0x3
 266 01aa 48       		.byte	0x48
 267 01ab B1000000 		.4byte	0xb1
 268 01af 2D       		.byte	0x2d
 269 01b0 07       		.uleb128 0x7
 270 01b1 80010000 		.4byte	.LASF38
 271 01b5 03       		.byte	0x3
 272 01b6 49       		.byte	0x49
 273 01b7 B1000000 		.4byte	0xb1
 274 01bb 2E       		.byte	0x2e
 275 01bc 07       		.uleb128 0x7
 276 01bd 93050000 		.4byte	.LASF39
 277 01c1 03       		.byte	0x3
 278 01c2 4A       		.byte	0x4a
 279 01c3 B1000000 		.4byte	0xb1
 280 01c7 2F       		.byte	0x2f
 281 01c8 07       		.uleb128 0x7
 282 01c9 AC080000 		.4byte	.LASF40
 283 01cd 03       		.byte	0x3
 284 01ce 4B       		.byte	0x4b
 285 01cf B1000000 		.4byte	0xb1
ARM GAS  C:\Users\seeho\AppData\Local\Temp\ccPXxIYN.s 			page 6


 286 01d3 30       		.byte	0x30
 287 01d4 07       		.uleb128 0x7
 288 01d5 32040000 		.4byte	.LASF41
 289 01d9 03       		.byte	0x3
 290 01da 4E       		.byte	0x4e
 291 01db B1000000 		.4byte	0xb1
 292 01df 31       		.byte	0x31
 293 01e0 07       		.uleb128 0x7
 294 01e1 6F000000 		.4byte	.LASF42
 295 01e5 03       		.byte	0x3
 296 01e6 4F       		.byte	0x4f
 297 01e7 B1000000 		.4byte	0xb1
 298 01eb 32       		.byte	0x32
 299 01ec 07       		.uleb128 0x7
 300 01ed 9C030000 		.4byte	.LASF43
 301 01f1 03       		.byte	0x3
 302 01f2 50       		.byte	0x50
 303 01f3 B1000000 		.4byte	0xb1
 304 01f7 33       		.byte	0x33
 305 01f8 07       		.uleb128 0x7
 306 01f9 C8050000 		.4byte	.LASF44
 307 01fd 03       		.byte	0x3
 308 01fe 51       		.byte	0x51
 309 01ff B1000000 		.4byte	0xb1
 310 0203 34       		.byte	0x34
 311 0204 07       		.uleb128 0x7
 312 0205 97090000 		.4byte	.LASF45
 313 0209 03       		.byte	0x3
 314 020a 52       		.byte	0x52
 315 020b BC000000 		.4byte	0xbc
 316 020f 36       		.byte	0x36
 317 0210 07       		.uleb128 0x7
 318 0211 4E020000 		.4byte	.LASF46
 319 0215 03       		.byte	0x3
 320 0216 53       		.byte	0x53
 321 0217 BC000000 		.4byte	0xbc
 322 021b 38       		.byte	0x38
 323 021c 07       		.uleb128 0x7
 324 021d F4090000 		.4byte	.LASF47
 325 0221 03       		.byte	0x3
 326 0222 54       		.byte	0x54
 327 0223 BC000000 		.4byte	0xbc
 328 0227 3A       		.byte	0x3a
 329 0228 07       		.uleb128 0x7
 330 0229 B90A0000 		.4byte	.LASF48
 331 022d 03       		.byte	0x3
 332 022e 55       		.byte	0x55
 333 022f B1000000 		.4byte	0xb1
 334 0233 3C       		.byte	0x3c
 335 0234 07       		.uleb128 0x7
 336 0235 75020000 		.4byte	.LASF49
 337 0239 03       		.byte	0x3
 338 023a 56       		.byte	0x56
 339 023b B1000000 		.4byte	0xb1
 340 023f 3D       		.byte	0x3d
 341 0240 07       		.uleb128 0x7
 342 0241 62080000 		.4byte	.LASF50
ARM GAS  C:\Users\seeho\AppData\Local\Temp\ccPXxIYN.s 			page 7


 343 0245 03       		.byte	0x3
 344 0246 57       		.byte	0x57
 345 0247 B1000000 		.4byte	0xb1
 346 024b 3E       		.byte	0x3e
 347 024c 07       		.uleb128 0x7
 348 024d 5A000000 		.4byte	.LASF51
 349 0251 03       		.byte	0x3
 350 0252 58       		.byte	0x58
 351 0253 B1000000 		.4byte	0xb1
 352 0257 3F       		.byte	0x3f
 353 0258 07       		.uleb128 0x7
 354 0259 69060000 		.4byte	.LASF52
 355 025d 03       		.byte	0x3
 356 025e 59       		.byte	0x59
 357 025f B1000000 		.4byte	0xb1
 358 0263 40       		.byte	0x40
 359 0264 07       		.uleb128 0x7
 360 0265 F1020000 		.4byte	.LASF53
 361 0269 03       		.byte	0x3
 362 026a 5A       		.byte	0x5a
 363 026b B1000000 		.4byte	0xb1
 364 026f 41       		.byte	0x41
 365 0270 07       		.uleb128 0x7
 366 0271 15050000 		.4byte	.LASF54
 367 0275 03       		.byte	0x3
 368 0276 5B       		.byte	0x5b
 369 0277 B1000000 		.4byte	0xb1
 370 027b 42       		.byte	0x42
 371 027c 07       		.uleb128 0x7
 372 027d 2E060000 		.4byte	.LASF55
 373 0281 03       		.byte	0x3
 374 0282 5C       		.byte	0x5c
 375 0283 B1000000 		.4byte	0xb1
 376 0287 43       		.byte	0x43
 377 0288 07       		.uleb128 0x7
 378 0289 3D020000 		.4byte	.LASF56
 379 028d 03       		.byte	0x3
 380 028e 5D       		.byte	0x5d
 381 028f B1000000 		.4byte	0xb1
 382 0293 44       		.byte	0x44
 383 0294 07       		.uleb128 0x7
 384 0295 00000000 		.4byte	.LASF57
 385 0299 03       		.byte	0x3
 386 029a 5E       		.byte	0x5e
 387 029b DD000000 		.4byte	0xdd
 388 029f 48       		.byte	0x48
 389 02a0 07       		.uleb128 0x7
 390 02a1 10020000 		.4byte	.LASF58
 391 02a5 03       		.byte	0x3
 392 02a6 5F       		.byte	0x5f
 393 02a7 DD000000 		.4byte	0xdd
 394 02ab 4C       		.byte	0x4c
 395 02ac 07       		.uleb128 0x7
 396 02ad 330B0000 		.4byte	.LASF59
 397 02b1 03       		.byte	0x3
 398 02b2 60       		.byte	0x60
 399 02b3 B1000000 		.4byte	0xb1
ARM GAS  C:\Users\seeho\AppData\Local\Temp\ccPXxIYN.s 			page 8


 400 02b7 50       		.byte	0x50
 401 02b8 07       		.uleb128 0x7
 402 02b9 1A010000 		.4byte	.LASF60
 403 02bd 03       		.byte	0x3
 404 02be 61       		.byte	0x61
 405 02bf B1000000 		.4byte	0xb1
 406 02c3 51       		.byte	0x51
 407 02c4 07       		.uleb128 0x7
 408 02c5 29070000 		.4byte	.LASF61
 409 02c9 03       		.byte	0x3
 410 02ca 62       		.byte	0x62
 411 02cb B1000000 		.4byte	0xb1
 412 02cf 52       		.byte	0x52
 413 02d0 07       		.uleb128 0x7
 414 02d1 F00A0000 		.4byte	.LASF62
 415 02d5 03       		.byte	0x3
 416 02d6 63       		.byte	0x63
 417 02d7 B1000000 		.4byte	0xb1
 418 02db 53       		.byte	0x53
 419 02dc 07       		.uleb128 0x7
 420 02dd 70080000 		.4byte	.LASF63
 421 02e1 03       		.byte	0x3
 422 02e2 64       		.byte	0x64
 423 02e3 B1000000 		.4byte	0xb1
 424 02e7 54       		.byte	0x54
 425 02e8 07       		.uleb128 0x7
 426 02e9 2C010000 		.4byte	.LASF64
 427 02ed 03       		.byte	0x3
 428 02ee 65       		.byte	0x65
 429 02ef B1000000 		.4byte	0xb1
 430 02f3 55       		.byte	0x55
 431 02f4 07       		.uleb128 0x7
 432 02f5 59090000 		.4byte	.LASF65
 433 02f9 03       		.byte	0x3
 434 02fa 66       		.byte	0x66
 435 02fb B1000000 		.4byte	0xb1
 436 02ff 56       		.byte	0x56
 437 0300 07       		.uleb128 0x7
 438 0301 46040000 		.4byte	.LASF66
 439 0305 03       		.byte	0x3
 440 0306 67       		.byte	0x67
 441 0307 B1000000 		.4byte	0xb1
 442 030b 57       		.byte	0x57
 443 030c 07       		.uleb128 0x7
 444 030d 12000000 		.4byte	.LASF67
 445 0311 03       		.byte	0x3
 446 0312 68       		.byte	0x68
 447 0313 B1000000 		.4byte	0xb1
 448 0317 58       		.byte	0x58
 449 0318 07       		.uleb128 0x7
 450 0319 18080000 		.4byte	.LASF68
 451 031d 03       		.byte	0x3
 452 031e 69       		.byte	0x69
 453 031f B1000000 		.4byte	0xb1
 454 0323 59       		.byte	0x59
 455 0324 07       		.uleb128 0x7
 456 0325 BD050000 		.4byte	.LASF69
ARM GAS  C:\Users\seeho\AppData\Local\Temp\ccPXxIYN.s 			page 9


 457 0329 03       		.byte	0x3
 458 032a 6E       		.byte	0x6e
 459 032b C7000000 		.4byte	0xc7
 460 032f 5A       		.byte	0x5a
 461 0330 07       		.uleb128 0x7
 462 0331 80090000 		.4byte	.LASF70
 463 0335 03       		.byte	0x3
 464 0336 6F       		.byte	0x6f
 465 0337 C7000000 		.4byte	0xc7
 466 033b 5C       		.byte	0x5c
 467 033c 07       		.uleb128 0x7
 468 033d BF000000 		.4byte	.LASF71
 469 0341 03       		.byte	0x3
 470 0342 70       		.byte	0x70
 471 0343 B1000000 		.4byte	0xb1
 472 0347 5E       		.byte	0x5e
 473 0348 07       		.uleb128 0x7
 474 0349 D0020000 		.4byte	.LASF72
 475 034d 03       		.byte	0x3
 476 034e 71       		.byte	0x71
 477 034f B1000000 		.4byte	0xb1
 478 0353 5F       		.byte	0x5f
 479 0354 07       		.uleb128 0x7
 480 0355 1D060000 		.4byte	.LASF73
 481 0359 03       		.byte	0x3
 482 035a 72       		.byte	0x72
 483 035b B1000000 		.4byte	0xb1
 484 035f 60       		.byte	0x60
 485 0360 07       		.uleb128 0x7
 486 0361 63070000 		.4byte	.LASF74
 487 0365 03       		.byte	0x3
 488 0366 73       		.byte	0x73
 489 0367 DD000000 		.4byte	0xdd
 490 036b 64       		.byte	0x64
 491 036c 07       		.uleb128 0x7
 492 036d E7000000 		.4byte	.LASF75
 493 0371 03       		.byte	0x3
 494 0372 76       		.byte	0x76
 495 0373 C7000000 		.4byte	0xc7
 496 0377 68       		.byte	0x68
 497 0378 07       		.uleb128 0x7
 498 0379 05040000 		.4byte	.LASF76
 499 037d 03       		.byte	0x3
 500 037e 77       		.byte	0x77
 501 037f C7000000 		.4byte	0xc7
 502 0383 6A       		.byte	0x6a
 503 0384 07       		.uleb128 0x7
 504 0385 74070000 		.4byte	.LASF77
 505 0389 03       		.byte	0x3
 506 038a 78       		.byte	0x78
 507 038b C7000000 		.4byte	0xc7
 508 038f 6C       		.byte	0x6c
 509 0390 07       		.uleb128 0x7
 510 0391 91040000 		.4byte	.LASF78
 511 0395 03       		.byte	0x3
 512 0396 79       		.byte	0x79
 513 0397 C7000000 		.4byte	0xc7
ARM GAS  C:\Users\seeho\AppData\Local\Temp\ccPXxIYN.s 			page 10


 514 039b 6E       		.byte	0x6e
 515 039c 07       		.uleb128 0x7
 516 039d 43080000 		.4byte	.LASF79
 517 03a1 03       		.byte	0x3
 518 03a2 7B       		.byte	0x7b
 519 03a3 B1000000 		.4byte	0xb1
 520 03a7 70       		.byte	0x70
 521 03a8 07       		.uleb128 0x7
 522 03a9 62010000 		.4byte	.LASF80
 523 03ad 03       		.byte	0x3
 524 03ae 7C       		.byte	0x7c
 525 03af B1000000 		.4byte	0xb1
 526 03b3 71       		.byte	0x71
 527 03b4 07       		.uleb128 0x7
 528 03b5 DA0A0000 		.4byte	.LASF81
 529 03b9 03       		.byte	0x3
 530 03ba 7D       		.byte	0x7d
 531 03bb B1000000 		.4byte	0xb1
 532 03bf 72       		.byte	0x72
 533 03c0 07       		.uleb128 0x7
 534 03c1 F8050000 		.4byte	.LASF82
 535 03c5 03       		.byte	0x3
 536 03c6 7E       		.byte	0x7e
 537 03c7 B1000000 		.4byte	0xb1
 538 03cb 73       		.byte	0x73
 539 03cc 07       		.uleb128 0x7
 540 03cd 80020000 		.4byte	.LASF83
 541 03d1 03       		.byte	0x3
 542 03d2 80       		.byte	0x80
 543 03d3 C7000000 		.4byte	0xc7
 544 03d7 74       		.byte	0x74
 545 03d8 07       		.uleb128 0x7
 546 03d9 F9080000 		.4byte	.LASF84
 547 03dd 03       		.byte	0x3
 548 03de 81       		.byte	0x81
 549 03df C7000000 		.4byte	0xc7
 550 03e3 76       		.byte	0x76
 551 03e4 07       		.uleb128 0x7
 552 03e5 60020000 		.4byte	.LASF85
 553 03e9 03       		.byte	0x3
 554 03ea 82       		.byte	0x82
 555 03eb C7000000 		.4byte	0xc7
 556 03ef 78       		.byte	0x78
 557 03f0 07       		.uleb128 0x7
 558 03f1 87000000 		.4byte	.LASF86
 559 03f5 03       		.byte	0x3
 560 03f6 83       		.byte	0x83
 561 03f7 C7000000 		.4byte	0xc7
 562 03fb 7A       		.byte	0x7a
 563 03fc 07       		.uleb128 0x7
 564 03fd 850A0000 		.4byte	.LASF87
 565 0401 03       		.byte	0x3
 566 0402 86       		.byte	0x86
 567 0403 B1000000 		.4byte	0xb1
 568 0407 7C       		.byte	0x7c
 569 0408 07       		.uleb128 0x7
 570 0409 A4090000 		.4byte	.LASF88
ARM GAS  C:\Users\seeho\AppData\Local\Temp\ccPXxIYN.s 			page 11


 571 040d 03       		.byte	0x3
 572 040e 87       		.byte	0x87
 573 040f B1000000 		.4byte	0xb1
 574 0413 7D       		.byte	0x7d
 575 0414 07       		.uleb128 0x7
 576 0415 26000000 		.4byte	.LASF89
 577 0419 03       		.byte	0x3
 578 041a 88       		.byte	0x88
 579 041b B1000000 		.4byte	0xb1
 580 041f 7E       		.byte	0x7e
 581 0420 07       		.uleb128 0x7
 582 0421 EA010000 		.4byte	.LASF90
 583 0425 03       		.byte	0x3
 584 0426 89       		.byte	0x89
 585 0427 B1000000 		.4byte	0xb1
 586 042b 7F       		.byte	0x7f
 587 042c 07       		.uleb128 0x7
 588 042d 88030000 		.4byte	.LASF91
 589 0431 03       		.byte	0x3
 590 0432 8A       		.byte	0x8a
 591 0433 B1000000 		.4byte	0xb1
 592 0437 80       		.byte	0x80
 593 0438 07       		.uleb128 0x7
 594 0439 4C050000 		.4byte	.LASF92
 595 043d 03       		.byte	0x3
 596 043e 8D       		.byte	0x8d
 597 043f DD000000 		.4byte	0xdd
 598 0443 84       		.byte	0x84
 599 0444 07       		.uleb128 0x7
 600 0445 D3010000 		.4byte	.LASF93
 601 0449 03       		.byte	0x3
 602 044a 8E       		.byte	0x8e
 603 044b DD000000 		.4byte	0xdd
 604 044f 88       		.byte	0x88
 605 0450 07       		.uleb128 0x7
 606 0451 700A0000 		.4byte	.LASF94
 607 0455 03       		.byte	0x3
 608 0456 8F       		.byte	0x8f
 609 0457 DD000000 		.4byte	0xdd
 610 045b 8C       		.byte	0x8c
 611 045c 07       		.uleb128 0x7
 612 045d 9F050000 		.4byte	.LASF95
 613 0461 03       		.byte	0x3
 614 0462 90       		.byte	0x90
 615 0463 DD000000 		.4byte	0xdd
 616 0467 90       		.byte	0x90
 617 0468 07       		.uleb128 0x7
 618 0469 49030000 		.4byte	.LASF96
 619 046d 03       		.byte	0x3
 620 046e 91       		.byte	0x91
 621 046f DD000000 		.4byte	0xdd
 622 0473 94       		.byte	0x94
 623 0474 07       		.uleb128 0x7
 624 0475 36050000 		.4byte	.LASF97
 625 0479 03       		.byte	0x3
 626 047a 92       		.byte	0x92
 627 047b DD000000 		.4byte	0xdd
ARM GAS  C:\Users\seeho\AppData\Local\Temp\ccPXxIYN.s 			page 12


 628 047f 98       		.byte	0x98
 629 0480 07       		.uleb128 0x7
 630 0481 9A0A0000 		.4byte	.LASF98
 631 0485 03       		.byte	0x3
 632 0486 93       		.byte	0x93
 633 0487 DD000000 		.4byte	0xdd
 634 048b 9C       		.byte	0x9c
 635 048c 07       		.uleb128 0x7
 636 048d F7000000 		.4byte	.LASF99
 637 0491 03       		.byte	0x3
 638 0492 94       		.byte	0x94
 639 0493 DD000000 		.4byte	0xdd
 640 0497 A0       		.byte	0xa0
 641 0498 07       		.uleb128 0x7
 642 0499 8B010000 		.4byte	.LASF100
 643 049d 03       		.byte	0x3
 644 049e 95       		.byte	0x95
 645 049f C7000000 		.4byte	0xc7
 646 04a3 A4       		.byte	0xa4
 647 04a4 07       		.uleb128 0x7
 648 04a5 21050000 		.4byte	.LASF101
 649 04a9 03       		.byte	0x3
 650 04aa 96       		.byte	0x96
 651 04ab C7000000 		.4byte	0xc7
 652 04af A6       		.byte	0xa6
 653 04b0 07       		.uleb128 0x7
 654 04b1 8D070000 		.4byte	.LASF102
 655 04b5 03       		.byte	0x3
 656 04b6 97       		.byte	0x97
 657 04b7 C7000000 		.4byte	0xc7
 658 04bb A8       		.byte	0xa8
 659 04bc 07       		.uleb128 0x7
 660 04bd B8080000 		.4byte	.LASF103
 661 04c1 03       		.byte	0x3
 662 04c2 98       		.byte	0x98
 663 04c3 C7000000 		.4byte	0xc7
 664 04c7 AA       		.byte	0xaa
 665 04c8 07       		.uleb128 0x7
 666 04c9 72040000 		.4byte	.LASF104
 667 04cd 03       		.byte	0x3
 668 04ce 99       		.byte	0x99
 669 04cf C7000000 		.4byte	0xc7
 670 04d3 AC       		.byte	0xac
 671 04d4 07       		.uleb128 0x7
 672 04d5 0F060000 		.4byte	.LASF105
 673 04d9 03       		.byte	0x3
 674 04da 9A       		.byte	0x9a
 675 04db C7000000 		.4byte	0xc7
 676 04df AE       		.byte	0xae
 677 04e0 07       		.uleb128 0x7
 678 04e1 89090000 		.4byte	.LASF106
 679 04e5 03       		.byte	0x3
 680 04e6 9D       		.byte	0x9d
 681 04e7 C7000000 		.4byte	0xc7
 682 04eb B0       		.byte	0xb0
 683 04ec 07       		.uleb128 0x7
 684 04ed 39000000 		.4byte	.LASF107
ARM GAS  C:\Users\seeho\AppData\Local\Temp\ccPXxIYN.s 			page 13


 685 04f1 03       		.byte	0x3
 686 04f2 9E       		.byte	0x9e
 687 04f3 DD000000 		.4byte	0xdd
 688 04f7 B4       		.byte	0xb4
 689 04f8 00       		.byte	0
 690 04f9 04       		.uleb128 0x4
 691 04fa FB040000 		.4byte	.LASF108
 692 04fe 03       		.byte	0x3
 693 04ff 9F       		.byte	0x9f
 694 0500 E8000000 		.4byte	0xe8
 695 0504 03       		.uleb128 0x3
 696 0505 04       		.byte	0x4
 697 0506 04       		.byte	0x4
 698 0507 5D070000 		.4byte	.LASF109
 699 050b 03       		.uleb128 0x3
 700 050c 08       		.byte	0x8
 701 050d 04       		.byte	0x4
 702 050e 59020000 		.4byte	.LASF110
 703 0512 08       		.uleb128 0x8
 704 0513 02       		.byte	0x2
 705 0514 04       		.byte	0x4
 706 0515 6001     		.2byte	0x160
 707 0517 36050000 		.4byte	0x536
 708 051b 09       		.uleb128 0x9
 709 051c B00A0000 		.4byte	.LASF111
 710 0520 04       		.byte	0x4
 711 0521 6A01     		.2byte	0x16a
 712 0523 B1000000 		.4byte	0xb1
 713 0527 00       		.byte	0
 714 0528 09       		.uleb128 0x9
 715 0529 63050000 		.4byte	.LASF112
 716 052d 04       		.byte	0x4
 717 052e 6E01     		.2byte	0x16e
 718 0530 B1000000 		.4byte	0xb1
 719 0534 01       		.byte	0x1
 720 0535 00       		.byte	0
 721 0536 0A       		.uleb128 0xa
 722 0537 9C000000 		.4byte	.LASF113
 723 053b 04       		.byte	0x4
 724 053c 7001     		.2byte	0x170
 725 053e 12050000 		.4byte	0x512
 726 0542 0A       		.uleb128 0xa
 727 0543 76050000 		.4byte	.LASF114
 728 0547 05       		.byte	0x5
 729 0548 7F01     		.2byte	0x17f
 730 054a C7000000 		.4byte	0xc7
 731 054e 0B       		.uleb128 0xb
 732 054f 01       		.byte	0x1
 733 0550 4B000000 		.4byte	0x4b
 734 0554 06       		.byte	0x6
 735 0555 7E       		.byte	0x7e
 736 0556 73050000 		.4byte	0x573
 737 055a 0C       		.uleb128 0xc
 738 055b 260A0000 		.4byte	.LASF115
 739 055f 00       		.byte	0
 740 0560 0C       		.uleb128 0xc
 741 0561 D9050000 		.4byte	.LASF116
ARM GAS  C:\Users\seeho\AppData\Local\Temp\ccPXxIYN.s 			page 14


 742 0565 01       		.byte	0x1
 743 0566 0C       		.uleb128 0xc
 744 0567 090A0000 		.4byte	.LASF117
 745 056b 02       		.byte	0x2
 746 056c 0C       		.uleb128 0xc
 747 056d A0010000 		.4byte	.LASF118
 748 0571 03       		.byte	0x3
 749 0572 00       		.byte	0
 750 0573 04       		.uleb128 0x4
 751 0574 1E020000 		.4byte	.LASF119
 752 0578 06       		.byte	0x6
 753 0579 83       		.byte	0x83
 754 057a 4E050000 		.4byte	0x54e
 755 057e 0B       		.uleb128 0xb
 756 057f 01       		.byte	0x1
 757 0580 4B000000 		.4byte	0x4b
 758 0584 06       		.byte	0x6
 759 0585 87       		.byte	0x87
 760 0586 BB050000 		.4byte	0x5bb
 761 058a 0C       		.uleb128 0xc
 762 058b C3090000 		.4byte	.LASF120
 763 058f 00       		.byte	0
 764 0590 0C       		.uleb128 0xc
 765 0591 020B0000 		.4byte	.LASF121
 766 0595 01       		.byte	0x1
 767 0596 0C       		.uleb128 0xc
 768 0597 B5030000 		.4byte	.LASF122
 769 059b 02       		.byte	0x2
 770 059c 0C       		.uleb128 0xc
 771 059d 5E030000 		.4byte	.LASF123
 772 05a1 03       		.byte	0x3
 773 05a2 0C       		.uleb128 0xc
 774 05a3 92020000 		.4byte	.LASF124
 775 05a7 04       		.byte	0x4
 776 05a8 0C       		.uleb128 0xc
 777 05a9 B4070000 		.4byte	.LASF125
 778 05ad 05       		.byte	0x5
 779 05ae 0C       		.uleb128 0xc
 780 05af D1030000 		.4byte	.LASF126
 781 05b3 06       		.byte	0x6
 782 05b4 0C       		.uleb128 0xc
 783 05b5 39070000 		.4byte	.LASF127
 784 05b9 07       		.byte	0x7
 785 05ba 00       		.byte	0
 786 05bb 04       		.uleb128 0x4
 787 05bc 39060000 		.4byte	.LASF128
 788 05c0 06       		.byte	0x6
 789 05c1 90       		.byte	0x90
 790 05c2 7E050000 		.4byte	0x57e
 791 05c6 04       		.uleb128 0x4
 792 05c7 FE010000 		.4byte	.LASF129
 793 05cb 07       		.byte	0x7
 794 05cc 40       		.byte	0x40
 795 05cd D1050000 		.4byte	0x5d1
 796 05d1 0D       		.uleb128 0xd
 797 05d2 04       		.byte	0x4
 798 05d3 D7050000 		.4byte	0x5d7
ARM GAS  C:\Users\seeho\AppData\Local\Temp\ccPXxIYN.s 			page 15


 799 05d7 0E       		.uleb128 0xe
 800 05d8 E7050000 		.4byte	0x5e7
 801 05dc 0F       		.uleb128 0xf
 802 05dd DD000000 		.4byte	0xdd
 803 05e1 0F       		.uleb128 0xf
 804 05e2 A8000000 		.4byte	0xa8
 805 05e6 00       		.byte	0
 806 05e7 03       		.uleb128 0x3
 807 05e8 01       		.byte	0x1
 808 05e9 02       		.byte	0x2
 809 05ea EB070000 		.4byte	.LASF130
 810 05ee 0B       		.uleb128 0xb
 811 05ef 01       		.byte	0x1
 812 05f0 4B000000 		.4byte	0x4b
 813 05f4 08       		.byte	0x8
 814 05f5 2A       		.byte	0x2a
 815 05f6 13060000 		.4byte	0x613
 816 05fa 0C       		.uleb128 0xc
 817 05fb 4A090000 		.4byte	.LASF131
 818 05ff 00       		.byte	0
 819 0600 0C       		.uleb128 0xc
 820 0601 23030000 		.4byte	.LASF132
 821 0605 01       		.byte	0x1
 822 0606 0C       		.uleb128 0xc
 823 0607 D1080000 		.4byte	.LASF133
 824 060b 02       		.byte	0x2
 825 060c 0C       		.uleb128 0xc
 826 060d 0C090000 		.4byte	.LASF134
 827 0611 03       		.byte	0x3
 828 0612 00       		.byte	0
 829 0613 0B       		.uleb128 0xb
 830 0614 01       		.byte	0x1
 831 0615 4B000000 		.4byte	0x4b
 832 0619 08       		.byte	0x8
 833 061a 33       		.byte	0x33
 834 061b 2C060000 		.4byte	0x62c
 835 061f 0C       		.uleb128 0xc
 836 0620 07080000 		.4byte	.LASF135
 837 0624 00       		.byte	0
 838 0625 0C       		.uleb128 0xc
 839 0626 5A040000 		.4byte	.LASF136
 840 062a 01       		.byte	0x1
 841 062b 00       		.byte	0
 842 062c 06       		.uleb128 0x6
 843 062d 04       		.byte	0x4
 844 062e 08       		.byte	0x8
 845 062f 54       		.byte	0x54
 846 0630 4D060000 		.4byte	0x64d
 847 0634 07       		.uleb128 0x7
 848 0635 2C080000 		.4byte	.LASF137
 849 0639 08       		.byte	0x8
 850 063a 56       		.byte	0x56
 851 063b 42050000 		.4byte	0x542
 852 063f 00       		.byte	0
 853 0640 07       		.uleb128 0x7
 854 0641 37080000 		.4byte	.LASF138
 855 0645 08       		.byte	0x8
ARM GAS  C:\Users\seeho\AppData\Local\Temp\ccPXxIYN.s 			page 16


 856 0646 57       		.byte	0x57
 857 0647 4D060000 		.4byte	0x64d
 858 064b 02       		.byte	0x2
 859 064c 00       		.byte	0
 860 064d 10       		.uleb128 0x10
 861 064e 42050000 		.4byte	0x542
 862 0652 5D060000 		.4byte	0x65d
 863 0656 11       		.uleb128 0x11
 864 0657 A1000000 		.4byte	0xa1
 865 065b 00       		.byte	0
 866 065c 00       		.byte	0
 867 065d 04       		.uleb128 0x4
 868 065e 01030000 		.4byte	.LASF139
 869 0662 08       		.byte	0x8
 870 0663 58       		.byte	0x58
 871 0664 2C060000 		.4byte	0x62c
 872 0668 06       		.uleb128 0x6
 873 0669 0E       		.byte	0xe
 874 066a 08       		.byte	0x8
 875 066b 5B       		.byte	0x5b
 876 066c 89060000 		.4byte	0x689
 877 0670 07       		.uleb128 0x7
 878 0671 B5090000 		.4byte	.LASF140
 879 0675 08       		.byte	0x8
 880 0676 5E       		.byte	0x5e
 881 0677 42050000 		.4byte	0x542
 882 067b 00       		.byte	0
 883 067c 07       		.uleb128 0x7
 884 067d 29040000 		.4byte	.LASF141
 885 0681 08       		.byte	0x8
 886 0682 61       		.byte	0x61
 887 0683 89060000 		.4byte	0x689
 888 0687 02       		.byte	0x2
 889 0688 00       		.byte	0
 890 0689 10       		.uleb128 0x10
 891 068a 5D060000 		.4byte	0x65d
 892 068e 99060000 		.4byte	0x699
 893 0692 11       		.uleb128 0x11
 894 0693 A1000000 		.4byte	0xa1
 895 0697 02       		.byte	0x2
 896 0698 00       		.byte	0
 897 0699 04       		.uleb128 0x4
 898 069a 99070000 		.4byte	.LASF142
 899 069e 08       		.byte	0x8
 900 069f 62       		.byte	0x62
 901 06a0 68060000 		.4byte	0x668
 902 06a4 06       		.uleb128 0x6
 903 06a5 08       		.byte	0x8
 904 06a6 08       		.byte	0x8
 905 06a7 8C       		.byte	0x8c
 906 06a8 C5060000 		.4byte	0x6c5
 907 06ac 07       		.uleb128 0x7
 908 06ad BC020000 		.4byte	.LASF143
 909 06b1 08       		.byte	0x8
 910 06b2 8F       		.byte	0x8f
 911 06b3 C5060000 		.4byte	0x6c5
 912 06b7 00       		.byte	0
ARM GAS  C:\Users\seeho\AppData\Local\Temp\ccPXxIYN.s 			page 17


 913 06b8 07       		.uleb128 0x7
 914 06b9 DE070000 		.4byte	.LASF144
 915 06bd 08       		.byte	0x8
 916 06be 92       		.byte	0x92
 917 06bf C6050000 		.4byte	0x5c6
 918 06c3 04       		.byte	0x4
 919 06c4 00       		.byte	0
 920 06c5 0D       		.uleb128 0xd
 921 06c6 04       		.byte	0x4
 922 06c7 CB060000 		.4byte	0x6cb
 923 06cb 12       		.uleb128 0x12
 924 06cc 99060000 		.4byte	0x699
 925 06d0 04       		.uleb128 0x4
 926 06d1 CE000000 		.4byte	.LASF145
 927 06d5 08       		.byte	0x8
 928 06d6 93       		.byte	0x93
 929 06d7 A4060000 		.4byte	0x6a4
 930 06db 13       		.uleb128 0x13
 931 06dc 4D000000 		.4byte	.LASF156
 932 06e0 0A       		.byte	0xa
 933 06e1 17       		.byte	0x17
 934 06e2 CB060000 		.4byte	0x6cb
 935 06e6 05       		.uleb128 0x5
 936 06e7 03       		.byte	0x3
 937 06e8 00000000 		.4byte	cy_ble_passs
 938 06ec 14       		.uleb128 0x14
 939 06ed 83070000 		.4byte	.LASF146
 940 06f1 03       		.byte	0x3
 941 06f2 A7       		.byte	0xa7
 942 06f3 F7060000 		.4byte	0x6f7
 943 06f7 0D       		.uleb128 0xd
 944 06f8 04       		.byte	0x4
 945 06f9 FD060000 		.4byte	0x6fd
 946 06fd 12       		.uleb128 0x12
 947 06fe F9040000 		.4byte	0x4f9
 948 0702 15       		.uleb128 0x15
 949 0703 0D010000 		.4byte	.LASF147
 950 0707 09       		.byte	0x9
 951 0708 F907     		.2byte	0x7f9
 952 070a 0E070000 		.4byte	0x70e
 953 070e 16       		.uleb128 0x16
 954 070f D2000000 		.4byte	0xd2
 955 0713 15       		.uleb128 0x15
 956 0714 2D090000 		.4byte	.LASF148
 957 0718 06       		.byte	0x6
 958 0719 2202     		.2byte	0x222
 959 071b 73050000 		.4byte	0x573
 960 071f 10       		.uleb128 0x10
 961 0720 36050000 		.4byte	0x536
 962 0724 2F070000 		.4byte	0x72f
 963 0728 11       		.uleb128 0x11
 964 0729 A1000000 		.4byte	0xa1
 965 072d 00       		.byte	0
 966 072e 00       		.byte	0
 967 072f 15       		.uleb128 0x15
 968 0730 E2090000 		.4byte	.LASF149
 969 0734 06       		.byte	0x6
ARM GAS  C:\Users\seeho\AppData\Local\Temp\ccPXxIYN.s 			page 18


 970 0735 2C02     		.2byte	0x22c
 971 0737 1F070000 		.4byte	0x71f
 972 073b 10       		.uleb128 0x10
 973 073c BB050000 		.4byte	0x5bb
 974 0740 4B070000 		.4byte	0x74b
 975 0744 11       		.uleb128 0x11
 976 0745 A1000000 		.4byte	0xa1
 977 0749 00       		.byte	0
 978 074a 00       		.byte	0
 979 074b 15       		.uleb128 0x15
 980 074c 80040000 		.4byte	.LASF150
 981 0750 06       		.byte	0x6
 982 0751 2D02     		.2byte	0x22d
 983 0753 3B070000 		.4byte	0x73b
 984 0757 15       		.uleb128 0x15
 985 0758 E0080000 		.4byte	.LASF151
 986 075c 06       		.byte	0x6
 987 075d 5202     		.2byte	0x252
 988 075f B1000000 		.4byte	0xb1
 989 0763 17       		.uleb128 0x17
 990 0764 80080000 		.4byte	.LASF152
 991 0768 0A       		.byte	0xa
 992 0769 43       		.byte	0x43
 993 076a D0060000 		.4byte	0x6d0
 994 076e 05       		.uleb128 0x5
 995 076f 03       		.byte	0x3
 996 0770 00000000 		.4byte	cy_ble_passConfig
 997 0774 00       		.byte	0
 998              		.section	.debug_abbrev,"",%progbits
 999              	.Ldebug_abbrev0:
 1000 0000 01       		.uleb128 0x1
 1001 0001 11       		.uleb128 0x11
 1002 0002 01       		.byte	0x1
 1003 0003 25       		.uleb128 0x25
 1004 0004 0E       		.uleb128 0xe
 1005 0005 13       		.uleb128 0x13
 1006 0006 0B       		.uleb128 0xb
 1007 0007 03       		.uleb128 0x3
 1008 0008 0E       		.uleb128 0xe
 1009 0009 1B       		.uleb128 0x1b
 1010 000a 0E       		.uleb128 0xe
 1011 000b 10       		.uleb128 0x10
 1012 000c 17       		.uleb128 0x17
 1013 000d 00       		.byte	0
 1014 000e 00       		.byte	0
 1015 000f 02       		.uleb128 0x2
 1016 0010 24       		.uleb128 0x24
 1017 0011 00       		.byte	0
 1018 0012 0B       		.uleb128 0xb
 1019 0013 0B       		.uleb128 0xb
 1020 0014 3E       		.uleb128 0x3e
 1021 0015 0B       		.uleb128 0xb
 1022 0016 03       		.uleb128 0x3
 1023 0017 08       		.uleb128 0x8
 1024 0018 00       		.byte	0
 1025 0019 00       		.byte	0
 1026 001a 03       		.uleb128 0x3
ARM GAS  C:\Users\seeho\AppData\Local\Temp\ccPXxIYN.s 			page 19


 1027 001b 24       		.uleb128 0x24
 1028 001c 00       		.byte	0
 1029 001d 0B       		.uleb128 0xb
 1030 001e 0B       		.uleb128 0xb
 1031 001f 3E       		.uleb128 0x3e
 1032 0020 0B       		.uleb128 0xb
 1033 0021 03       		.uleb128 0x3
 1034 0022 0E       		.uleb128 0xe
 1035 0023 00       		.byte	0
 1036 0024 00       		.byte	0
 1037 0025 04       		.uleb128 0x4
 1038 0026 16       		.uleb128 0x16
 1039 0027 00       		.byte	0
 1040 0028 03       		.uleb128 0x3
 1041 0029 0E       		.uleb128 0xe
 1042 002a 3A       		.uleb128 0x3a
 1043 002b 0B       		.uleb128 0xb
 1044 002c 3B       		.uleb128 0x3b
 1045 002d 0B       		.uleb128 0xb
 1046 002e 49       		.uleb128 0x49
 1047 002f 13       		.uleb128 0x13
 1048 0030 00       		.byte	0
 1049 0031 00       		.byte	0
 1050 0032 05       		.uleb128 0x5
 1051 0033 0F       		.uleb128 0xf
 1052 0034 00       		.byte	0
 1053 0035 0B       		.uleb128 0xb
 1054 0036 0B       		.uleb128 0xb
 1055 0037 00       		.byte	0
 1056 0038 00       		.byte	0
 1057 0039 06       		.uleb128 0x6
 1058 003a 13       		.uleb128 0x13
 1059 003b 01       		.byte	0x1
 1060 003c 0B       		.uleb128 0xb
 1061 003d 0B       		.uleb128 0xb
 1062 003e 3A       		.uleb128 0x3a
 1063 003f 0B       		.uleb128 0xb
 1064 0040 3B       		.uleb128 0x3b
 1065 0041 0B       		.uleb128 0xb
 1066 0042 01       		.uleb128 0x1
 1067 0043 13       		.uleb128 0x13
 1068 0044 00       		.byte	0
 1069 0045 00       		.byte	0
 1070 0046 07       		.uleb128 0x7
 1071 0047 0D       		.uleb128 0xd
 1072 0048 00       		.byte	0
 1073 0049 03       		.uleb128 0x3
 1074 004a 0E       		.uleb128 0xe
 1075 004b 3A       		.uleb128 0x3a
 1076 004c 0B       		.uleb128 0xb
 1077 004d 3B       		.uleb128 0x3b
 1078 004e 0B       		.uleb128 0xb
 1079 004f 49       		.uleb128 0x49
 1080 0050 13       		.uleb128 0x13
 1081 0051 38       		.uleb128 0x38
 1082 0052 0B       		.uleb128 0xb
 1083 0053 00       		.byte	0
ARM GAS  C:\Users\seeho\AppData\Local\Temp\ccPXxIYN.s 			page 20


 1084 0054 00       		.byte	0
 1085 0055 08       		.uleb128 0x8
 1086 0056 13       		.uleb128 0x13
 1087 0057 01       		.byte	0x1
 1088 0058 0B       		.uleb128 0xb
 1089 0059 0B       		.uleb128 0xb
 1090 005a 3A       		.uleb128 0x3a
 1091 005b 0B       		.uleb128 0xb
 1092 005c 3B       		.uleb128 0x3b
 1093 005d 05       		.uleb128 0x5
 1094 005e 01       		.uleb128 0x1
 1095 005f 13       		.uleb128 0x13
 1096 0060 00       		.byte	0
 1097 0061 00       		.byte	0
 1098 0062 09       		.uleb128 0x9
 1099 0063 0D       		.uleb128 0xd
 1100 0064 00       		.byte	0
 1101 0065 03       		.uleb128 0x3
 1102 0066 0E       		.uleb128 0xe
 1103 0067 3A       		.uleb128 0x3a
 1104 0068 0B       		.uleb128 0xb
 1105 0069 3B       		.uleb128 0x3b
 1106 006a 05       		.uleb128 0x5
 1107 006b 49       		.uleb128 0x49
 1108 006c 13       		.uleb128 0x13
 1109 006d 38       		.uleb128 0x38
 1110 006e 0B       		.uleb128 0xb
 1111 006f 00       		.byte	0
 1112 0070 00       		.byte	0
 1113 0071 0A       		.uleb128 0xa
 1114 0072 16       		.uleb128 0x16
 1115 0073 00       		.byte	0
 1116 0074 03       		.uleb128 0x3
 1117 0075 0E       		.uleb128 0xe
 1118 0076 3A       		.uleb128 0x3a
 1119 0077 0B       		.uleb128 0xb
 1120 0078 3B       		.uleb128 0x3b
 1121 0079 05       		.uleb128 0x5
 1122 007a 49       		.uleb128 0x49
 1123 007b 13       		.uleb128 0x13
 1124 007c 00       		.byte	0
 1125 007d 00       		.byte	0
 1126 007e 0B       		.uleb128 0xb
 1127 007f 04       		.uleb128 0x4
 1128 0080 01       		.byte	0x1
 1129 0081 0B       		.uleb128 0xb
 1130 0082 0B       		.uleb128 0xb
 1131 0083 49       		.uleb128 0x49
 1132 0084 13       		.uleb128 0x13
 1133 0085 3A       		.uleb128 0x3a
 1134 0086 0B       		.uleb128 0xb
 1135 0087 3B       		.uleb128 0x3b
 1136 0088 0B       		.uleb128 0xb
 1137 0089 01       		.uleb128 0x1
 1138 008a 13       		.uleb128 0x13
 1139 008b 00       		.byte	0
 1140 008c 00       		.byte	0
ARM GAS  C:\Users\seeho\AppData\Local\Temp\ccPXxIYN.s 			page 21


 1141 008d 0C       		.uleb128 0xc
 1142 008e 28       		.uleb128 0x28
 1143 008f 00       		.byte	0
 1144 0090 03       		.uleb128 0x3
 1145 0091 0E       		.uleb128 0xe
 1146 0092 1C       		.uleb128 0x1c
 1147 0093 0B       		.uleb128 0xb
 1148 0094 00       		.byte	0
 1149 0095 00       		.byte	0
 1150 0096 0D       		.uleb128 0xd
 1151 0097 0F       		.uleb128 0xf
 1152 0098 00       		.byte	0
 1153 0099 0B       		.uleb128 0xb
 1154 009a 0B       		.uleb128 0xb
 1155 009b 49       		.uleb128 0x49
 1156 009c 13       		.uleb128 0x13
 1157 009d 00       		.byte	0
 1158 009e 00       		.byte	0
 1159 009f 0E       		.uleb128 0xe
 1160 00a0 15       		.uleb128 0x15
 1161 00a1 01       		.byte	0x1
 1162 00a2 27       		.uleb128 0x27
 1163 00a3 19       		.uleb128 0x19
 1164 00a4 01       		.uleb128 0x1
 1165 00a5 13       		.uleb128 0x13
 1166 00a6 00       		.byte	0
 1167 00a7 00       		.byte	0
 1168 00a8 0F       		.uleb128 0xf
 1169 00a9 05       		.uleb128 0x5
 1170 00aa 00       		.byte	0
 1171 00ab 49       		.uleb128 0x49
 1172 00ac 13       		.uleb128 0x13
 1173 00ad 00       		.byte	0
 1174 00ae 00       		.byte	0
 1175 00af 10       		.uleb128 0x10
 1176 00b0 01       		.uleb128 0x1
 1177 00b1 01       		.byte	0x1
 1178 00b2 49       		.uleb128 0x49
 1179 00b3 13       		.uleb128 0x13
 1180 00b4 01       		.uleb128 0x1
 1181 00b5 13       		.uleb128 0x13
 1182 00b6 00       		.byte	0
 1183 00b7 00       		.byte	0
 1184 00b8 11       		.uleb128 0x11
 1185 00b9 21       		.uleb128 0x21
 1186 00ba 00       		.byte	0
 1187 00bb 49       		.uleb128 0x49
 1188 00bc 13       		.uleb128 0x13
 1189 00bd 2F       		.uleb128 0x2f
 1190 00be 0B       		.uleb128 0xb
 1191 00bf 00       		.byte	0
 1192 00c0 00       		.byte	0
 1193 00c1 12       		.uleb128 0x12
 1194 00c2 26       		.uleb128 0x26
 1195 00c3 00       		.byte	0
 1196 00c4 49       		.uleb128 0x49
 1197 00c5 13       		.uleb128 0x13
ARM GAS  C:\Users\seeho\AppData\Local\Temp\ccPXxIYN.s 			page 22


 1198 00c6 00       		.byte	0
 1199 00c7 00       		.byte	0
 1200 00c8 13       		.uleb128 0x13
 1201 00c9 34       		.uleb128 0x34
 1202 00ca 00       		.byte	0
 1203 00cb 03       		.uleb128 0x3
 1204 00cc 0E       		.uleb128 0xe
 1205 00cd 3A       		.uleb128 0x3a
 1206 00ce 0B       		.uleb128 0xb
 1207 00cf 3B       		.uleb128 0x3b
 1208 00d0 0B       		.uleb128 0xb
 1209 00d1 49       		.uleb128 0x49
 1210 00d2 13       		.uleb128 0x13
 1211 00d3 02       		.uleb128 0x2
 1212 00d4 18       		.uleb128 0x18
 1213 00d5 00       		.byte	0
 1214 00d6 00       		.byte	0
 1215 00d7 14       		.uleb128 0x14
 1216 00d8 34       		.uleb128 0x34
 1217 00d9 00       		.byte	0
 1218 00da 03       		.uleb128 0x3
 1219 00db 0E       		.uleb128 0xe
 1220 00dc 3A       		.uleb128 0x3a
 1221 00dd 0B       		.uleb128 0xb
 1222 00de 3B       		.uleb128 0x3b
 1223 00df 0B       		.uleb128 0xb
 1224 00e0 49       		.uleb128 0x49
 1225 00e1 13       		.uleb128 0x13
 1226 00e2 3F       		.uleb128 0x3f
 1227 00e3 19       		.uleb128 0x19
 1228 00e4 3C       		.uleb128 0x3c
 1229 00e5 19       		.uleb128 0x19
 1230 00e6 00       		.byte	0
 1231 00e7 00       		.byte	0
 1232 00e8 15       		.uleb128 0x15
 1233 00e9 34       		.uleb128 0x34
 1234 00ea 00       		.byte	0
 1235 00eb 03       		.uleb128 0x3
 1236 00ec 0E       		.uleb128 0xe
 1237 00ed 3A       		.uleb128 0x3a
 1238 00ee 0B       		.uleb128 0xb
 1239 00ef 3B       		.uleb128 0x3b
 1240 00f0 05       		.uleb128 0x5
 1241 00f1 49       		.uleb128 0x49
 1242 00f2 13       		.uleb128 0x13
 1243 00f3 3F       		.uleb128 0x3f
 1244 00f4 19       		.uleb128 0x19
 1245 00f5 3C       		.uleb128 0x3c
 1246 00f6 19       		.uleb128 0x19
 1247 00f7 00       		.byte	0
 1248 00f8 00       		.byte	0
 1249 00f9 16       		.uleb128 0x16
 1250 00fa 35       		.uleb128 0x35
 1251 00fb 00       		.byte	0
 1252 00fc 49       		.uleb128 0x49
 1253 00fd 13       		.uleb128 0x13
 1254 00fe 00       		.byte	0
ARM GAS  C:\Users\seeho\AppData\Local\Temp\ccPXxIYN.s 			page 23


 1255 00ff 00       		.byte	0
 1256 0100 17       		.uleb128 0x17
 1257 0101 34       		.uleb128 0x34
 1258 0102 00       		.byte	0
 1259 0103 03       		.uleb128 0x3
 1260 0104 0E       		.uleb128 0xe
 1261 0105 3A       		.uleb128 0x3a
 1262 0106 0B       		.uleb128 0xb
 1263 0107 3B       		.uleb128 0x3b
 1264 0108 0B       		.uleb128 0xb
 1265 0109 49       		.uleb128 0x49
 1266 010a 13       		.uleb128 0x13
 1267 010b 3F       		.uleb128 0x3f
 1268 010c 19       		.uleb128 0x19
 1269 010d 02       		.uleb128 0x2
 1270 010e 18       		.uleb128 0x18
 1271 010f 00       		.byte	0
 1272 0110 00       		.byte	0
 1273 0111 00       		.byte	0
 1274              		.section	.debug_aranges,"",%progbits
 1275 0000 14000000 		.4byte	0x14
 1276 0004 0200     		.2byte	0x2
 1277 0006 00000000 		.4byte	.Ldebug_info0
 1278 000a 04       		.byte	0x4
 1279 000b 00       		.byte	0
 1280 000c 0000     		.2byte	0
 1281 000e 0000     		.2byte	0
 1282 0010 00000000 		.4byte	0
 1283 0014 00000000 		.4byte	0
 1284              		.section	.debug_line,"",%progbits
 1285              	.Ldebug_line0:
 1286 0000 47020000 		.section	.debug_str,"MS",%progbits,1
 1286      02004102 
 1286      00000201 
 1286      FB0E0D00 
 1286      01010101 
 1287              	.LASF57:
 1288 0000 70726F74 		.ascii	"protBusMasterMask\000"
 1288      4275734D 
 1288      61737465 
 1288      724D6173 
 1288      6B00
 1289              	.LASF67:
 1290 0012 666C6173 		.ascii	"flashCtlMainWs3Freq\000"
 1290      6843746C 
 1290      4D61696E 
 1290      57733346 
 1290      72657100 
 1291              	.LASF89:
 1292 0026 6770696F 		.ascii	"gpioPrtCfgInOffset\000"
 1292      50727443 
 1292      6667496E 
 1292      4F666673 
 1292      657400
 1293              	.LASF107:
 1294 0039 6970634C 		.ascii	"ipcLockStatusOffset\000"
 1294      6F636B53 
ARM GAS  C:\Users\seeho\AppData\Local\Temp\ccPXxIYN.s 			page 24


 1294      74617475 
 1294      734F6666 
 1294      73657400 
 1295              	.LASF156:
 1296 004d 63795F62 		.ascii	"cy_ble_passs\000"
 1296      6C655F70 
 1296      61737373 
 1296      00
 1297              	.LASF51:
 1298 005a 70657269 		.ascii	"periClockNr\000"
 1298      436C6F63 
 1298      6B4E7200 
 1299              	.LASF29:
 1300 0066 70617373 		.ascii	"passBase\000"
 1300      42617365 
 1300      00
 1301              	.LASF42:
 1302 006f 63707573 		.ascii	"cpussIpcIrqNr\000"
 1302      73497063 
 1302      4972714E 
 1302      7200
 1303              	.LASF5:
 1304 007d 5F5F7569 		.ascii	"__uint8_t\000"
 1304      6E74385F 
 1304      7400
 1305              	.LASF86:
 1306 0087 70657269 		.ascii	"periDiv24_5CtlOffset\000"
 1306      44697632 
 1306      345F3543 
 1306      746C4F66 
 1306      66736574 
 1307              	.LASF113:
 1308 009c 63795F73 		.ascii	"cy_stc_ble_conn_handle_t\000"
 1308      74635F62 
 1308      6C655F63 
 1308      6F6E6E5F 
 1308      68616E64 
 1309              	.LASF22:
 1310 00b5 63707573 		.ascii	"cpussBase\000"
 1310      73426173 
 1310      6500
 1311              	.LASF71:
 1312 00bf 64774368 		.ascii	"dwChCtlPrioPos\000"
 1312      43746C50 
 1312      72696F50 
 1312      6F7300
 1313              	.LASF145:
 1314 00ce 63795F73 		.ascii	"cy_stc_ble_pass_config_t\000"
 1314      74635F62 
 1314      6C655F70 
 1314      6173735F 
 1314      636F6E66 
 1315              	.LASF75:
 1316 00e7 70657269 		.ascii	"periTrCmdOffset\000"
 1316      5472436D 
 1316      644F6666 
 1316      73657400 
ARM GAS  C:\Users\seeho\AppData\Local\Temp\ccPXxIYN.s 			page 25


 1317              	.LASF99:
 1318 00f7 63707573 		.ascii	"cpussSysTickCtlOffset\000"
 1318      73537973 
 1318      5469636B 
 1318      43746C4F 
 1318      66667365 
 1319              	.LASF147:
 1320 010d 49544D5F 		.ascii	"ITM_RxBuffer\000"
 1320      52784275 
 1320      66666572 
 1320      00
 1321              	.LASF60:
 1322 011a 666C6173 		.ascii	"flashPipeRequired\000"
 1322      68506970 
 1322      65526571 
 1322      75697265 
 1322      6400
 1323              	.LASF64:
 1324 012c 666C6173 		.ascii	"flashCtlMainWs0Freq\000"
 1324      6843746C 
 1324      4D61696E 
 1324      57733046 
 1324      72657100 
 1325              	.LASF18:
 1326 0140 696E7431 		.ascii	"int16_t\000"
 1326      365F7400 
 1327              	.LASF1:
 1328 0148 6C6F6E67 		.ascii	"long long int\000"
 1328      206C6F6E 
 1328      6720696E 
 1328      7400
 1329              	.LASF3:
 1330 0156 7369676E 		.ascii	"signed char\000"
 1330      65642063 
 1330      68617200 
 1331              	.LASF80:
 1332 0162 70657269 		.ascii	"periDivCmdTypeSelPos\000"
 1332      44697643 
 1332      6D645479 
 1332      70655365 
 1332      6C506F73 
 1333              	.LASF26:
 1334 0177 70726F74 		.ascii	"protBase\000"
 1334      42617365 
 1334      00
 1335              	.LASF38:
 1336 0180 69706356 		.ascii	"ipcVersion\000"
 1336      65727369 
 1336      6F6E00
 1337              	.LASF100:
 1338 018b 63707573 		.ascii	"cpussCm0NmiCtlOffset\000"
 1338      73436D30 
 1338      4E6D6943 
 1338      746C4F66 
 1338      66736574 
 1339              	.LASF118:
 1340 01a0 43595F42 		.ascii	"CY_BLE_ADV_STATE_STOP_INITIATED\000"
ARM GAS  C:\Users\seeho\AppData\Local\Temp\ccPXxIYN.s 			page 26


 1340      4C455F41 
 1340      44565F53 
 1340      54415445 
 1340      5F53544F 
 1341              	.LASF27:
 1342 01c0 6873696F 		.ascii	"hsiomBase\000"
 1342      6D426173 
 1342      6500
 1343              	.LASF11:
 1344 01ca 6C6F6E67 		.ascii	"long int\000"
 1344      20696E74 
 1344      00
 1345              	.LASF93:
 1346 01d3 63707573 		.ascii	"cpussCm4ClockCtlOffset\000"
 1346      73436D34 
 1346      436C6F63 
 1346      6B43746C 
 1346      4F666673 
 1347              	.LASF90:
 1348 01ea 6770696F 		.ascii	"gpioPrtCfgOutOffset\000"
 1348      50727443 
 1348      66674F75 
 1348      744F6666 
 1348      73657400 
 1349              	.LASF129:
 1350 01fe 63795F62 		.ascii	"cy_ble_callback_t\000"
 1350      6C655F63 
 1350      616C6C62 
 1350      61636B5F 
 1350      7400
 1351              	.LASF58:
 1352 0210 63727970 		.ascii	"cryptoMemSize\000"
 1352      746F4D65 
 1352      6D53697A 
 1352      6500
 1353              	.LASF119:
 1354 021e 63795F65 		.ascii	"cy_en_ble_adv_state_t\000"
 1354      6E5F626C 
 1354      655F6164 
 1354      765F7374 
 1354      6174655F 
 1355              	.LASF24:
 1356 0234 70657269 		.ascii	"periBase\000"
 1356      42617365 
 1356      00
 1357              	.LASF56:
 1358 023d 73797350 		.ascii	"sysPmSimoPresent\000"
 1358      6D53696D 
 1358      6F507265 
 1358      73656E74 
 1358      00
 1359              	.LASF46:
 1360 024e 63707573 		.ascii	"cpussFmIrq\000"
 1360      73466D49 
 1360      727100
 1361              	.LASF110:
 1362 0259 646F7562 		.ascii	"double\000"
ARM GAS  C:\Users\seeho\AppData\Local\Temp\ccPXxIYN.s 			page 27


 1362      6C6500
 1363              	.LASF85:
 1364 0260 70657269 		.ascii	"periDiv16_5CtlOffset\000"
 1364      44697631 
 1364      365F3543 
 1364      746C4F66 
 1364      66736574 
 1365              	.LASF49:
 1366 0275 73727373 		.ascii	"srssNumPll\000"
 1366      4E756D50 
 1366      6C6C00
 1367              	.LASF83:
 1368 0280 70657269 		.ascii	"periDiv8CtlOffset\000"
 1368      44697638 
 1368      43746C4F 
 1368      66667365 
 1368      7400
 1369              	.LASF124:
 1370 0292 43595F42 		.ascii	"CY_BLE_CONN_STATE_CLIENT_INCL_DISCOVERING\000"
 1370      4C455F43 
 1370      4F4E4E5F 
 1370      53544154 
 1370      455F434C 
 1371              	.LASF143:
 1372 02bc 70617373 		.ascii	"passs\000"
 1372      7300
 1373              	.LASF33:
 1374 02c2 63727970 		.ascii	"cryptoVersion\000"
 1374      746F5665 
 1374      7273696F 
 1374      6E00
 1375              	.LASF72:
 1376 02d0 64774368 		.ascii	"dwChCtlPreemptablePos\000"
 1376      43746C50 
 1376      7265656D 
 1376      70746162 
 1376      6C65506F 
 1377              	.LASF12:
 1378 02e6 5F5F7569 		.ascii	"__uint32_t\000"
 1378      6E743332 
 1378      5F7400
 1379              	.LASF53:
 1380 02f1 70617373 		.ascii	"passSarChannels\000"
 1380      53617243 
 1380      68616E6E 
 1380      656C7300 
 1381              	.LASF139:
 1382 0301 63795F73 		.ascii	"cy_stc_ble_passs_char_t\000"
 1382      74635F62 
 1382      6C655F70 
 1382      61737373 
 1382      5F636861 
 1383              	.LASF6:
 1384 0319 5F5F696E 		.ascii	"__int16_t\000"
 1384      7431365F 
 1384      7400
 1385              	.LASF132:
ARM GAS  C:\Users\seeho\AppData\Local\Temp\ccPXxIYN.s 			page 28


 1386 0323 43595F42 		.ascii	"CY_BLE_PASS_RS\000"
 1386      4C455F50 
 1386      4153535F 
 1386      525300
 1387              	.LASF14:
 1388 0332 6C6F6E67 		.ascii	"long long unsigned int\000"
 1388      206C6F6E 
 1388      6720756E 
 1388      7369676E 
 1388      65642069 
 1389              	.LASF96:
 1390 0349 63707573 		.ascii	"cpussCm4PwrCtlOffset\000"
 1390      73436D34 
 1390      50777243 
 1390      746C4F66 
 1390      66736574 
 1391              	.LASF123:
 1392 035e 43595F42 		.ascii	"CY_BLE_CONN_STATE_CLIENT_SRVC_DISCOVERING\000"
 1392      4C455F43 
 1392      4F4E4E5F 
 1392      53544154 
 1392      455F434C 
 1393              	.LASF91:
 1394 0388 6770696F 		.ascii	"gpioPrtCfgSioOffset\000"
 1394      50727443 
 1394      66675369 
 1394      6F4F6666 
 1394      73657400 
 1395              	.LASF43:
 1396 039c 63707573 		.ascii	"cpussDwChNr\000"
 1396      73447743 
 1396      684E7200 
 1397              	.LASF0:
 1398 03a8 756E7369 		.ascii	"unsigned int\000"
 1398      676E6564 
 1398      20696E74 
 1398      00
 1399              	.LASF122:
 1400 03b5 43595F42 		.ascii	"CY_BLE_CONN_STATE_CONNECTED\000"
 1400      4C455F43 
 1400      4F4E4E5F 
 1400      53544154 
 1400      455F434F 
 1401              	.LASF126:
 1402 03d1 43595F42 		.ascii	"CY_BLE_CONN_STATE_CLIENT_DESCR_DISCOVERING\000"
 1402      4C455F43 
 1402      4F4E4E5F 
 1402      53544154 
 1402      455F434C 
 1403              	.LASF19:
 1404 03fc 75696E74 		.ascii	"uint16_t\000"
 1404      31365F74 
 1404      00
 1405              	.LASF76:
 1406 0405 70657269 		.ascii	"periTrCmdGrSelMsk\000"
 1406      5472436D 
 1406      64477253 
ARM GAS  C:\Users\seeho\AppData\Local\Temp\ccPXxIYN.s 			page 29


 1406      656C4D73 
 1406      6B00
 1407              	.LASF13:
 1408 0417 6C6F6E67 		.ascii	"long unsigned int\000"
 1408      20756E73 
 1408      69676E65 
 1408      6420696E 
 1408      7400
 1409              	.LASF141:
 1410 0429 63686172 		.ascii	"charInfo\000"
 1410      496E666F 
 1410      00
 1411              	.LASF41:
 1412 0432 63707573 		.ascii	"cpussIpcNr\000"
 1412      73497063 
 1412      4E7200
 1413              	.LASF28:
 1414 043d 6770696F 		.ascii	"gpioBase\000"
 1414      42617365 
 1414      00
 1415              	.LASF66:
 1416 0446 666C6173 		.ascii	"flashCtlMainWs2Freq\000"
 1416      6843746C 
 1416      4D61696E 
 1416      57733246 
 1416      72657100 
 1417              	.LASF136:
 1418 045a 43595F42 		.ascii	"CY_BLE_PASS_DESCR_COUNT\000"
 1418      4C455F50 
 1418      4153535F 
 1418      44455343 
 1418      525F434F 
 1419              	.LASF104:
 1420 0472 63707573 		.ascii	"cpussRam1Ctl0\000"
 1420      7352616D 
 1420      3143746C 
 1420      3000
 1421              	.LASF150:
 1422 0480 63795F62 		.ascii	"cy_ble_connState\000"
 1422      6C655F63 
 1422      6F6E6E53 
 1422      74617465 
 1422      00
 1423              	.LASF78:
 1424 0491 70657269 		.ascii	"periTrGrSize\000"
 1424      54724772 
 1424      53697A65 
 1424      00
 1425              	.LASF36:
 1426 049e 6770696F 		.ascii	"gpioVersion\000"
 1426      56657273 
 1426      696F6E00 
 1427              	.LASF155:
 1428 04aa 433A5C55 		.ascii	"C:\\Users\\seeho\\Documents\\PSoC Creator\\PSoC6_10"
 1428      73657273 
 1428      5C736565 
 1428      686F5C44 
ARM GAS  C:\Users\seeho\AppData\Local\Temp\ccPXxIYN.s 			page 30


 1428      6F63756D 
 1429 04d8 315C4345 		.ascii	"1\\CE212736_PSoC6BLE_FindMe01.cydsn\000"
 1429      32313237 
 1429      33365F50 
 1429      536F4336 
 1429      424C455F 
 1430              	.LASF108:
 1431 04fb 63795F73 		.ascii	"cy_stc_device_t\000"
 1431      74635F64 
 1431      65766963 
 1431      655F7400 
 1432              	.LASF7:
 1433 050b 73686F72 		.ascii	"short int\000"
 1433      7420696E 
 1433      7400
 1434              	.LASF54:
 1435 0515 65704D6F 		.ascii	"epMonitorNr\000"
 1435      6E69746F 
 1435      724E7200 
 1436              	.LASF101:
 1437 0521 63707573 		.ascii	"cpussCm4NmiCtlOffset\000"
 1437      73436D34 
 1437      4E6D6943 
 1437      746C4F66 
 1437      66736574 
 1438              	.LASF97:
 1439 0536 63707573 		.ascii	"cpussTrimRamCtlOffset\000"
 1439      73547269 
 1439      6D52616D 
 1439      43746C4F 
 1439      66667365 
 1440              	.LASF92:
 1441 054c 63707573 		.ascii	"cpussCm0ClockCtlOffset\000"
 1441      73436D30 
 1441      436C6F63 
 1441      6B43746C 
 1441      4F666673 
 1442              	.LASF112:
 1443 0563 61747449 		.ascii	"attId\000"
 1443      6400
 1444              	.LASF32:
 1445 0569 63707573 		.ascii	"cpussVersion\000"
 1445      73566572 
 1445      73696F6E 
 1445      00
 1446              	.LASF114:
 1447 0576 63795F62 		.ascii	"cy_ble_gatt_db_attr_handle_t\000"
 1447      6C655F67 
 1447      6174745F 
 1447      64625F61 
 1447      7474725F 
 1448              	.LASF39:
 1449 0593 70657269 		.ascii	"periVersion\000"
 1449      56657273 
 1449      696F6E00 
 1450              	.LASF95:
 1451 059f 63707573 		.ascii	"cpussCm0StatusOffset\000"
ARM GAS  C:\Users\seeho\AppData\Local\Temp\ccPXxIYN.s 			page 31


 1451      73436D30 
 1451      53746174 
 1451      75734F66 
 1451      66736574 
 1452              	.LASF15:
 1453 05b4 73697A65 		.ascii	"sizetype\000"
 1453      74797065 
 1453      00
 1454              	.LASF69:
 1455 05bd 64774368 		.ascii	"dwChOffset\000"
 1455      4F666673 
 1455      657400
 1456              	.LASF44:
 1457 05c8 63707573 		.ascii	"cpussFlashPaSize\000"
 1457      73466C61 
 1457      73685061 
 1457      53697A65 
 1457      00
 1458              	.LASF116:
 1459 05d9 43595F42 		.ascii	"CY_BLE_ADV_STATE_ADV_INITIATED\000"
 1459      4C455F41 
 1459      44565F53 
 1459      54415445 
 1459      5F414456 
 1460              	.LASF82:
 1461 05f8 70657269 		.ascii	"periDivCmdPaTypeSelPos\000"
 1461      44697643 
 1461      6D645061 
 1461      54797065 
 1461      53656C50 
 1462              	.LASF105:
 1463 060f 63707573 		.ascii	"cpussRam2Ctl0\000"
 1463      7352616D 
 1463      3243746C 
 1463      3000
 1464              	.LASF73:
 1465 061d 64775374 		.ascii	"dwStatusChIdxPos\000"
 1465      61747573 
 1465      43684964 
 1465      78506F73 
 1465      00
 1466              	.LASF55:
 1467 062e 75646250 		.ascii	"udbPresent\000"
 1467      72657365 
 1467      6E7400
 1468              	.LASF128:
 1469 0639 63795F65 		.ascii	"cy_en_ble_conn_state_t\000"
 1469      6E5F626C 
 1469      655F636F 
 1469      6E6E5F73 
 1469      74617465 
 1470              	.LASF35:
 1471 0650 666C6173 		.ascii	"flashcVersion\000"
 1471      68635665 
 1471      7273696F 
 1471      6E00
 1472              	.LASF31:
ARM GAS  C:\Users\seeho\AppData\Local\Temp\ccPXxIYN.s 			page 32


 1473 065e 63727970 		.ascii	"cryptoBase\000"
 1473      746F4261 
 1473      736500
 1474              	.LASF52:
 1475 0669 736D6966 		.ascii	"smifDeviceNr\000"
 1475      44657669 
 1475      63654E72 
 1475      00
 1476              	.LASF153:
 1477 0676 474E5520 		.ascii	"GNU C11 5.4.1 20160609 (release) [ARM/embedded-5-br"
 1477      43313120 
 1477      352E342E 
 1477      31203230 
 1477      31363036 
 1478 06a9 616E6368 		.ascii	"anch revision 237715] -mcpu=cortex-m4 -mfloat-abi=s"
 1478      20726576 
 1478      6973696F 
 1478      6E203233 
 1478      37373135 
 1479 06dc 6F667466 		.ascii	"oftfp -mfpu=fpv4-sp-d16 -mthumb -g -Og -ffunction-s"
 1479      70202D6D 
 1479      6670753D 
 1479      66707634 
 1479      2D73702D 
 1480 070f 65637469 		.ascii	"ections -ffat-lto-objects\000"
 1480      6F6E7320 
 1480      2D666661 
 1480      742D6C74 
 1480      6F2D6F62 
 1481              	.LASF61:
 1482 0729 666C6173 		.ascii	"flashWriteDelay\000"
 1482      68577269 
 1482      74654465 
 1482      6C617900 
 1483              	.LASF127:
 1484 0739 43595F42 		.ascii	"CY_BLE_CONN_STATE_CLIENT_DISCOVERED\000"
 1484      4C455F43 
 1484      4F4E4E5F 
 1484      53544154 
 1484      455F434C 
 1485              	.LASF109:
 1486 075d 666C6F61 		.ascii	"float\000"
 1486      7400
 1487              	.LASF74:
 1488 0763 64775374 		.ascii	"dwStatusChIdxMsk\000"
 1488      61747573 
 1488      43684964 
 1488      784D736B 
 1488      00
 1489              	.LASF77:
 1490 0774 70657269 		.ascii	"periTrGrOffset\000"
 1490      54724772 
 1490      4F666673 
 1490      657400
 1491              	.LASF146:
 1492 0783 63795F64 		.ascii	"cy_device\000"
 1492      65766963 
ARM GAS  C:\Users\seeho\AppData\Local\Temp\ccPXxIYN.s 			page 33


 1492      6500
 1493              	.LASF102:
 1494 078d 63707573 		.ascii	"cpussRomCtl\000"
 1494      73526F6D 
 1494      43746C00 
 1495              	.LASF142:
 1496 0799 63795F73 		.ascii	"cy_stc_ble_passs_t\000"
 1496      74635F62 
 1496      6C655F70 
 1496      61737373 
 1496      5F7400
 1497              	.LASF25:
 1498 07ac 75646242 		.ascii	"udbBase\000"
 1498      61736500 
 1499              	.LASF125:
 1500 07b4 43595F42 		.ascii	"CY_BLE_CONN_STATE_CLIENT_CHAR_DISCOVERING\000"
 1500      4C455F43 
 1500      4F4E4E5F 
 1500      53544154 
 1500      455F434C 
 1501              	.LASF144:
 1502 07de 63616C6C 		.ascii	"callbackFunc\000"
 1502      6261636B 
 1502      46756E63 
 1502      00
 1503              	.LASF130:
 1504 07eb 5F426F6F 		.ascii	"_Bool\000"
 1504      6C00
 1505              	.LASF20:
 1506 07f1 696E7433 		.ascii	"int32_t\000"
 1506      325F7400 
 1507              	.LASF4:
 1508 07f9 756E7369 		.ascii	"unsigned char\000"
 1508      676E6564 
 1508      20636861 
 1508      7200
 1509              	.LASF135:
 1510 0807 43595F42 		.ascii	"CY_BLE_PASS_CCCD\000"
 1510      4C455F50 
 1510      4153535F 
 1510      43434344 
 1510      00
 1511              	.LASF68:
 1512 0818 666C6173 		.ascii	"flashCtlMainWs4Freq\000"
 1512      6843746C 
 1512      4D61696E 
 1512      57733446 
 1512      72657100 
 1513              	.LASF137:
 1514 082c 63686172 		.ascii	"charHandle\000"
 1514      48616E64 
 1514      6C6500
 1515              	.LASF138:
 1516 0837 64657363 		.ascii	"descrHandle\000"
 1516      7248616E 
 1516      646C6500 
 1517              	.LASF79:
ARM GAS  C:\Users\seeho\AppData\Local\Temp\ccPXxIYN.s 			page 34


 1518 0843 70657269 		.ascii	"periDivCmdDivSelMsk\000"
 1518      44697643 
 1518      6D644469 
 1518      7653656C 
 1518      4D736B00 
 1519              	.LASF23:
 1520 0857 666C6173 		.ascii	"flashcBase\000"
 1520      68634261 
 1520      736500
 1521              	.LASF50:
 1522 0862 73727373 		.ascii	"srssNumHfroot\000"
 1522      4E756D48 
 1522      66726F6F 
 1522      7400
 1523              	.LASF63:
 1524 0870 666C6173 		.ascii	"flashEraseDelay\000"
 1524      68457261 
 1524      73654465 
 1524      6C617900 
 1525              	.LASF152:
 1526 0880 63795F62 		.ascii	"cy_ble_passConfig\000"
 1526      6C655F70 
 1526      61737343 
 1526      6F6E6669 
 1526      6700
 1527              	.LASF21:
 1528 0892 75696E74 		.ascii	"uint32_t\000"
 1528      33325F74 
 1528      00
 1529              	.LASF2:
 1530 089b 6C6F6E67 		.ascii	"long double\000"
 1530      20646F75 
 1530      626C6500 
 1531              	.LASF16:
 1532 08a7 63686172 		.ascii	"char\000"
 1532      00
 1533              	.LASF40:
 1534 08ac 70726F74 		.ascii	"protVersion\000"
 1534      56657273 
 1534      696F6E00 
 1535              	.LASF103:
 1536 08b8 63707573 		.ascii	"cpussRam0Ctl0\000"
 1536      7352616D 
 1536      3043746C 
 1536      3000
 1537              	.LASF8:
 1538 08c6 5F5F7569 		.ascii	"__uint16_t\000"
 1538      6E743136 
 1538      5F7400
 1539              	.LASF133:
 1540 08d1 43595F42 		.ascii	"CY_BLE_PASS_CP\000"
 1540      4C455F50 
 1540      4153535F 
 1540      435000
 1541              	.LASF151:
 1542 08e0 63795F62 		.ascii	"cy_ble_pendingFlashWrite\000"
 1542      6C655F70 
ARM GAS  C:\Users\seeho\AppData\Local\Temp\ccPXxIYN.s 			page 35


 1542      656E6469 
 1542      6E67466C 
 1542      61736857 
 1543              	.LASF84:
 1544 08f9 70657269 		.ascii	"periDiv16CtlOffset\000"
 1544      44697631 
 1544      3643746C 
 1544      4F666673 
 1544      657400
 1545              	.LASF134:
 1546 090c 43595F42 		.ascii	"CY_BLE_PASS_CHAR_COUNT\000"
 1546      4C455F50 
 1546      4153535F 
 1546      43484152 
 1546      5F434F55 
 1547              	.LASF10:
 1548 0923 5F5F696E 		.ascii	"__int32_t\000"
 1548      7433325F 
 1548      7400
 1549              	.LASF148:
 1550 092d 63795F62 		.ascii	"cy_ble_advState\000"
 1550      6C655F61 
 1550      64765374 
 1550      61746500 
 1551              	.LASF37:
 1552 093d 6873696F 		.ascii	"hsiomVersion\000"
 1552      6D566572 
 1552      73696F6E 
 1552      00
 1553              	.LASF131:
 1554 094a 43595F42 		.ascii	"CY_BLE_PASS_AS\000"
 1554      4C455F50 
 1554      4153535F 
 1554      415300
 1555              	.LASF65:
 1556 0959 666C6173 		.ascii	"flashCtlMainWs1Freq\000"
 1556      6843746C 
 1556      4D61696E 
 1556      57733146 
 1556      72657100 
 1557              	.LASF9:
 1558 096d 73686F72 		.ascii	"short unsigned int\000"
 1558      7420756E 
 1558      7369676E 
 1558      65642069 
 1558      6E7400
 1559              	.LASF70:
 1560 0980 64774368 		.ascii	"dwChSize\000"
 1560      53697A65 
 1560      00
 1561              	.LASF106:
 1562 0989 69706353 		.ascii	"ipcStructSize\000"
 1562      74727563 
 1562      7453697A 
 1562      6500
 1563              	.LASF45:
 1564 0997 63707573 		.ascii	"cpussIpc0Irq\000"
ARM GAS  C:\Users\seeho\AppData\Local\Temp\ccPXxIYN.s 			page 36


 1564      73497063 
 1564      30497271 
 1564      00
 1565              	.LASF88:
 1566 09a4 6770696F 		.ascii	"gpioPrtCfgOffset\000"
 1566      50727443 
 1566      66674F66 
 1566      66736574 
 1566      00
 1567              	.LASF140:
 1568 09b5 73657276 		.ascii	"serviceHandle\000"
 1568      69636548 
 1568      616E646C 
 1568      6500
 1569              	.LASF120:
 1570 09c3 43595F42 		.ascii	"CY_BLE_CONN_STATE_DISCONNECTED\000"
 1570      4C455F43 
 1570      4F4E4E5F 
 1570      53544154 
 1570      455F4449 
 1571              	.LASF149:
 1572 09e2 63795F62 		.ascii	"cy_ble_connHandle\000"
 1572      6C655F63 
 1572      6F6E6E48 
 1572      616E646C 
 1572      6500
 1573              	.LASF47:
 1574 09f4 63707573 		.ascii	"cpussNotConnectedIrq\000"
 1574      734E6F74 
 1574      436F6E6E 
 1574      65637465 
 1574      64497271 
 1575              	.LASF117:
 1576 0a09 43595F42 		.ascii	"CY_BLE_ADV_STATE_ADVERTISING\000"
 1576      4C455F41 
 1576      44565F53 
 1576      54415445 
 1576      5F414456 
 1577              	.LASF115:
 1578 0a26 43595F42 		.ascii	"CY_BLE_ADV_STATE_STOPPED\000"
 1578      4C455F41 
 1578      44565F53 
 1578      54415445 
 1578      5F53544F 
 1579              	.LASF17:
 1580 0a3f 75696E74 		.ascii	"uint8_t\000"
 1580      385F7400 
 1581              	.LASF154:
 1582 0a47 47656E65 		.ascii	"Generated_Source\\PSoC6\\BLE_pass_config.c\000"
 1582      72617465 
 1582      645F536F 
 1582      75726365 
 1582      5C50536F 
 1583              	.LASF94:
 1584 0a70 63707573 		.ascii	"cpussCm4StatusOffset\000"
 1584      73436D34 
 1584      53746174 
ARM GAS  C:\Users\seeho\AppData\Local\Temp\ccPXxIYN.s 			page 37


 1584      75734F66 
 1584      66736574 
 1585              	.LASF87:
 1586 0a85 6770696F 		.ascii	"gpioPrtIntrCfgOffset\000"
 1586      50727449 
 1586      6E747243 
 1586      66674F66 
 1586      66736574 
 1587              	.LASF98:
 1588 0a9a 63707573 		.ascii	"cpussTrimRomCtlOffset\000"
 1588      73547269 
 1588      6D526F6D 
 1588      43746C4F 
 1588      66667365 
 1589              	.LASF111:
 1590 0ab0 62644861 		.ascii	"bdHandle\000"
 1590      6E646C65 
 1590      00
 1591              	.LASF48:
 1592 0ab9 73727373 		.ascii	"srssNumClkpath\000"
 1592      4E756D43 
 1592      6C6B7061 
 1592      746800
 1593              	.LASF34:
 1594 0ac8 64775665 		.ascii	"dwVersion\000"
 1594      7273696F 
 1594      6E00
 1595              	.LASF30:
 1596 0ad2 69706342 		.ascii	"ipcBase\000"
 1596      61736500 
 1597              	.LASF81:
 1598 0ada 70657269 		.ascii	"periDivCmdPaDivSelPos\000"
 1598      44697643 
 1598      6D645061 
 1598      44697653 
 1598      656C506F 
 1599              	.LASF62:
 1600 0af0 666C6173 		.ascii	"flashProgramDelay\000"
 1600      6850726F 
 1600      6772616D 
 1600      44656C61 
 1600      7900
 1601              	.LASF121:
 1602 0b02 43595F42 		.ascii	"CY_BLE_CONN_STATE_CLIENT_DISCONNECTED_DISCOVERED\000"
 1602      4C455F43 
 1602      4F4E4E5F 
 1602      53544154 
 1602      455F434C 
 1603              	.LASF59:
 1604 0b33 666C6173 		.ascii	"flashRwwRequired\000"
 1604      68527777 
 1604      52657175 
 1604      69726564 
 1604      00
 1605              		.ident	"GCC: (GNU Tools for ARM Embedded Processors) 5.4.1 20160609 (release) [ARM/embedded-5-bran
